Analysis & Synthesis report for dac
Tue Oct 17 18:04:52 2017
Quartus Prime Version 17.0.2 Build 602 07/19/2017 SJ Lite Edition


---------------------
; Table of Contents ;
---------------------
  1. Legal Notice
  2. Analysis & Synthesis Summary
  3. Analysis & Synthesis Settings
  4. Parallel Compilation
  5. Analysis & Synthesis Source Files Read
  6. Analysis & Synthesis Resource Usage Summary
  7. Analysis & Synthesis Resource Utilization by Entity
  8. Analysis & Synthesis IP Cores Summary
  9. General Register Statistics
 10. Parameter Settings for User Entity Instance: lpm_divider:dividerOnes|lpm_divide:LPM_DIVIDE_component
 11. Parameter Settings for User Entity Instance: lpm_divider:dividerTenths|lpm_divide:LPM_DIVIDE_component
 12. Port Connectivity Checks: "lpm_divider:dividerTenths"
 13. Port Connectivity Checks: "lpm_divider:dividerOnes"
 14. Post-Synthesis Netlist Statistics for Top Partition
 15. Elapsed Time Per Partition
 16. Analysis & Synthesis Messages



----------------
; Legal Notice ;
----------------
Copyright (C) 2017  Intel Corporation. All rights reserved.
Your use of Intel Corporation's design tools, logic functions 
and other software and tools, and its AMPP partner logic 
functions, and any output files from any of the foregoing 
(including device programming or simulation files), and any 
associated documentation or information are expressly subject 
to the terms and conditions of the Intel Program License 
Subscription Agreement, the Intel Quartus Prime License Agreement,
the Intel MegaCore Function License Agreement, or other 
applicable license agreement, including, without limitation, 
that your use is for the sole purpose of programming logic 
devices manufactured by Intel and sold by Intel or its 
authorized distributors.  Please refer to the applicable 
agreement for further details.



+----------------------------------------------------------------------------------+
; Analysis & Synthesis Summary                                                     ;
+------------------------------------+---------------------------------------------+
; Analysis & Synthesis Status        ; Successful - Tue Oct 17 18:04:52 2017       ;
; Quartus Prime Version              ; 17.0.2 Build 602 07/19/2017 SJ Lite Edition ;
; Revision Name                      ; dac                                         ;
; Top-level Entity Name              ; dac                                         ;
; Family                             ; Cyclone IV E                                ;
; Total logic elements               ; 78                                          ;
;     Total combinational functions  ; 78                                          ;
;     Dedicated logic registers      ; 0                                           ;
; Total registers                    ; 0                                           ;
; Total pins                         ; 24                                          ;
; Total virtual pins                 ; 0                                           ;
; Total memory bits                  ; 0                                           ;
; Embedded Multiplier 9-bit elements ; 0                                           ;
; Total PLLs                         ; 0                                           ;
+------------------------------------+---------------------------------------------+


+----------------------------------------------------------------------------------------------------------------------+
; Analysis & Synthesis Settings                                                                                        ;
+----------------------------------------------------------------------------+--------------------+--------------------+
; Option                                                                     ; Setting            ; Default Value      ;
+----------------------------------------------------------------------------+--------------------+--------------------+
; Device                                                                     ; EP4CE115F29C7      ;                    ;
; Top-level entity name                                                      ; dac                ; dac                ;
; Family name                                                                ; Cyclone IV E       ; Cyclone V          ;
; Maximum processors allowed for parallel compilation                        ; 4                  ;                    ;
; Use smart compilation                                                      ; Off                ; Off                ;
; Enable parallel Assembler and TimeQuest Timing Analyzer during compilation ; On                 ; On                 ;
; Enable compact report table                                                ; Off                ; Off                ;
; Restructure Multiplexers                                                   ; Auto               ; Auto               ;
; Create Debugging Nodes for IP Cores                                        ; Off                ; Off                ;
; Preserve fewer node names                                                  ; On                 ; On                 ;
; OpenCore Plus hardware evaluation                                          ; Enable             ; Enable             ;
; Verilog Version                                                            ; Verilog_2001       ; Verilog_2001       ;
; VHDL Version                                                               ; VHDL_1993          ; VHDL_1993          ;
; State Machine Processing                                                   ; Auto               ; Auto               ;
; Safe State Machine                                                         ; Off                ; Off                ;
; Extract Verilog State Machines                                             ; On                 ; On                 ;
; Extract VHDL State Machines                                                ; On                 ; On                 ;
; Ignore Verilog initial constructs                                          ; Off                ; Off                ;
; Iteration limit for constant Verilog loops                                 ; 5000               ; 5000               ;
; Iteration limit for non-constant Verilog loops                             ; 250                ; 250                ;
; Add Pass-Through Logic to Inferred RAMs                                    ; On                 ; On                 ;
; Infer RAMs from Raw Logic                                                  ; On                 ; On                 ;
; Parallel Synthesis                                                         ; On                 ; On                 ;
; DSP Block Balancing                                                        ; Auto               ; Auto               ;
; NOT Gate Push-Back                                                         ; On                 ; On                 ;
; Power-Up Don't Care                                                        ; On                 ; On                 ;
; Remove Redundant Logic Cells                                               ; Off                ; Off                ;
; Remove Duplicate Registers                                                 ; On                 ; On                 ;
; Ignore CARRY Buffers                                                       ; Off                ; Off                ;
; Ignore CASCADE Buffers                                                     ; Off                ; Off                ;
; Ignore GLOBAL Buffers                                                      ; Off                ; Off                ;
; Ignore ROW GLOBAL Buffers                                                  ; Off                ; Off                ;
; Ignore LCELL Buffers                                                       ; Off                ; Off                ;
; Ignore SOFT Buffers                                                        ; On                 ; On                 ;
; Limit AHDL Integers to 32 Bits                                             ; Off                ; Off                ;
; Optimization Technique                                                     ; Balanced           ; Balanced           ;
; Carry Chain Length                                                         ; 70                 ; 70                 ;
; Auto Carry Chains                                                          ; On                 ; On                 ;
; Auto Open-Drain Pins                                                       ; On                 ; On                 ;
; Perform WYSIWYG Primitive Resynthesis                                      ; Off                ; Off                ;
; Auto ROM Replacement                                                       ; On                 ; On                 ;
; Auto RAM Replacement                                                       ; On                 ; On                 ;
; Auto DSP Block Replacement                                                 ; On                 ; On                 ;
; Auto Shift Register Replacement                                            ; Auto               ; Auto               ;
; Allow Shift Register Merging across Hierarchies                            ; Auto               ; Auto               ;
; Auto Clock Enable Replacement                                              ; On                 ; On                 ;
; Strict RAM Replacement                                                     ; Off                ; Off                ;
; Allow Synchronous Control Signals                                          ; On                 ; On                 ;
; Force Use of Synchronous Clear Signals                                     ; Off                ; Off                ;
; Auto RAM Block Balancing                                                   ; On                 ; On                 ;
; Auto RAM to Logic Cell Conversion                                          ; Off                ; Off                ;
; Auto Resource Sharing                                                      ; Off                ; Off                ;
; Allow Any RAM Size For Recognition                                         ; Off                ; Off                ;
; Allow Any ROM Size For Recognition                                         ; Off                ; Off                ;
; Allow Any Shift Register Size For Recognition                              ; Off                ; Off                ;
; Use LogicLock Constraints during Resource Balancing                        ; On                 ; On                 ;
; Ignore translate_off and synthesis_off directives                          ; Off                ; Off                ;
; Timing-Driven Synthesis                                                    ; On                 ; On                 ;
; Report Parameter Settings                                                  ; On                 ; On                 ;
; Report Source Assignments                                                  ; On                 ; On                 ;
; Report Connectivity Checks                                                 ; On                 ; On                 ;
; Ignore Maximum Fan-Out Assignments                                         ; Off                ; Off                ;
; Synchronization Register Chain Length                                      ; 2                  ; 2                  ;
; PowerPlay Power Optimization During Synthesis                              ; Normal compilation ; Normal compilation ;
; HDL message level                                                          ; Level2             ; Level2             ;
; Suppress Register Optimization Related Messages                            ; Off                ; Off                ;
; Number of Removed Registers Reported in Synthesis Report                   ; 5000               ; 5000               ;
; Number of Swept Nodes Reported in Synthesis Report                         ; 5000               ; 5000               ;
; Number of Inverted Registers Reported in Synthesis Report                  ; 100                ; 100                ;
; Clock MUX Protection                                                       ; On                 ; On                 ;
; Auto Gated Clock Conversion                                                ; Off                ; Off                ;
; Block Design Naming                                                        ; Auto               ; Auto               ;
; SDC constraint protection                                                  ; Off                ; Off                ;
; Synthesis Effort                                                           ; Auto               ; Auto               ;
; Shift Register Replacement - Allow Asynchronous Clear Signal               ; On                 ; On                 ;
; Pre-Mapping Resynthesis Optimization                                       ; Off                ; Off                ;
; Analysis & Synthesis Message Level                                         ; Medium             ; Medium             ;
; Disable Register Merging Across Hierarchies                                ; Auto               ; Auto               ;
; Resource Aware Inference For Block RAM                                     ; On                 ; On                 ;
+----------------------------------------------------------------------------+--------------------+--------------------+


+------------------------------------------+
; Parallel Compilation                     ;
+----------------------------+-------------+
; Processors                 ; Number      ;
+----------------------------+-------------+
; Number detected on machine ; 8           ;
; Maximum allowed            ; 4           ;
;                            ;             ;
; Average used               ; 1.00        ;
; Maximum used               ; 1           ;
;                            ;             ;
; Usage by Processor         ; % Time Used ;
;     Processor 1            ; 100.0%      ;
+----------------------------+-------------+


+--------------------------------------------------------------------------------------------------------------------------------------------------------------------------+
; Analysis & Synthesis Source Files Read                                                                                                                                   ;
+----------------------------------+-----------------+------------------------------+----------------------------------------------------------------------------+---------+
; File Name with User-Entered Path ; Used in Netlist ; File Type                    ; File Name with Absolute Path                                               ; Library ;
+----------------------------------+-----------------+------------------------------+----------------------------------------------------------------------------+---------+
; dac.v                            ; yes             ; User Verilog HDL File        ; C:/Users/Vishnu/Documents/ECE350/lab5/prelab/dac.v                         ;         ;
; lpm_divider.v                    ; yes             ; User Wizard-Generated File   ; C:/Users/Vishnu/Documents/ECE350/lab5/prelab/lpm_divider.v                 ;         ;
; lpm_divide.tdf                   ; yes             ; Megafunction                 ; c:/intelfpga_lite/17.0/quartus/libraries/megafunctions/lpm_divide.tdf      ;         ;
; abs_divider.inc                  ; yes             ; Megafunction                 ; c:/intelfpga_lite/17.0/quartus/libraries/megafunctions/abs_divider.inc     ;         ;
; sign_div_unsign.inc              ; yes             ; Megafunction                 ; c:/intelfpga_lite/17.0/quartus/libraries/megafunctions/sign_div_unsign.inc ;         ;
; aglobal170.inc                   ; yes             ; Megafunction                 ; c:/intelfpga_lite/17.0/quartus/libraries/megafunctions/aglobal170.inc      ;         ;
; db/lpm_divide_1ms.tdf            ; yes             ; Auto-Generated Megafunction  ; C:/Users/Vishnu/Documents/ECE350/lab5/prelab/db/lpm_divide_1ms.tdf         ;         ;
; db/sign_div_unsign_ekh.tdf       ; yes             ; Auto-Generated Megafunction  ; C:/Users/Vishnu/Documents/ECE350/lab5/prelab/db/sign_div_unsign_ekh.tdf    ;         ;
; db/alt_u_div_g4f.tdf             ; yes             ; Auto-Generated Megafunction  ; C:/Users/Vishnu/Documents/ECE350/lab5/prelab/db/alt_u_div_g4f.tdf          ;         ;
; db/add_sub_7pc.tdf               ; yes             ; Auto-Generated Megafunction  ; C:/Users/Vishnu/Documents/ECE350/lab5/prelab/db/add_sub_7pc.tdf            ;         ;
; db/add_sub_8pc.tdf               ; yes             ; Auto-Generated Megafunction  ; C:/Users/Vishnu/Documents/ECE350/lab5/prelab/db/add_sub_8pc.tdf            ;         ;
+----------------------------------+-----------------+------------------------------+----------------------------------------------------------------------------+---------+


+-----------------------------------------------------------------------------------------------------------------------------------------------------------------------------------------------+
; Analysis & Synthesis Resource Usage Summary                                                                                                                                                   ;
+---------------------------------------------+-------------------------------------------------------------------------------------------------------------------------------------------------+
; Resource                                    ; Usage                                                                                                                                           ;
+---------------------------------------------+-------------------------------------------------------------------------------------------------------------------------------------------------+
; Estimated Total logic elements              ; 78                                                                                                                                              ;
;                                             ;                                                                                                                                                 ;
; Total combinational functions               ; 78                                                                                                                                              ;
; Logic element usage by number of LUT inputs ;                                                                                                                                                 ;
;     -- 4 input functions                    ; 3                                                                                                                                               ;
;     -- 3 input functions                    ; 34                                                                                                                                              ;
;     -- <=2 input functions                  ; 41                                                                                                                                              ;
;                                             ;                                                                                                                                                 ;
; Logic elements by mode                      ;                                                                                                                                                 ;
;     -- normal mode                          ; 39                                                                                                                                              ;
;     -- arithmetic mode                      ; 39                                                                                                                                              ;
;                                             ;                                                                                                                                                 ;
; Total registers                             ; 0                                                                                                                                               ;
;     -- Dedicated logic registers            ; 0                                                                                                                                               ;
;     -- I/O registers                        ; 0                                                                                                                                               ;
;                                             ;                                                                                                                                                 ;
; I/O pins                                    ; 24                                                                                                                                              ;
;                                             ;                                                                                                                                                 ;
; Embedded Multiplier 9-bit elements          ; 0                                                                                                                                               ;
;                                             ;                                                                                                                                                 ;
; Maximum fan-out node                        ; lpm_divider:dividerOnes|lpm_divide:LPM_DIVIDE_component|lpm_divide_1ms:auto_generated|sign_div_unsign_ekh:divider|alt_u_div_g4f:divider|op_5~12 ;
; Maximum fan-out                             ; 9                                                                                                                                               ;
; Total fan-out                               ; 214                                                                                                                                             ;
; Average fan-out                             ; 1.70                                                                                                                                            ;
+---------------------------------------------+-------------------------------------------------------------------------------------------------------------------------------------------------+


+------------------------------------------------------------------------------------------------------------------------------------------------------------------------------------------------------------------------------------------------------------------------------------------------------------------------------------------------------------+
; Analysis & Synthesis Resource Utilization by Entity                                                                                                                                                                                                                                                                                                        ;
+-------------------------------------------+---------------------+---------------------------+-------------+--------------+---------+-----------+------+--------------+------------------------------------------------------------------------------------------------------------------------------------------------+---------------------+--------------+
; Compilation Hierarchy Node                ; Combinational ALUTs ; Dedicated Logic Registers ; Memory Bits ; DSP Elements ; DSP 9x9 ; DSP 18x18 ; Pins ; Virtual Pins ; Full Hierarchy Name                                                                                                                            ; Entity Name         ; Library Name ;
+-------------------------------------------+---------------------+---------------------------+-------------+--------------+---------+-----------+------+--------------+------------------------------------------------------------------------------------------------------------------------------------------------+---------------------+--------------+
; |dac                                      ; 78 (5)              ; 0 (0)                     ; 0           ; 0            ; 0       ; 0         ; 24   ; 0            ; |dac                                                                                                                                           ; dac                 ; work         ;
;    |lpm_divider:dividerOnes|              ; 41 (0)              ; 0 (0)                     ; 0           ; 0            ; 0       ; 0         ; 0    ; 0            ; |dac|lpm_divider:dividerOnes                                                                                                                   ; lpm_divider         ; work         ;
;       |lpm_divide:LPM_DIVIDE_component|   ; 41 (0)              ; 0 (0)                     ; 0           ; 0            ; 0       ; 0         ; 0    ; 0            ; |dac|lpm_divider:dividerOnes|lpm_divide:LPM_DIVIDE_component                                                                                   ; lpm_divide          ; work         ;
;          |lpm_divide_1ms:auto_generated|  ; 41 (0)              ; 0 (0)                     ; 0           ; 0            ; 0       ; 0         ; 0    ; 0            ; |dac|lpm_divider:dividerOnes|lpm_divide:LPM_DIVIDE_component|lpm_divide_1ms:auto_generated                                                     ; lpm_divide_1ms      ; work         ;
;             |sign_div_unsign_ekh:divider| ; 41 (0)              ; 0 (0)                     ; 0           ; 0            ; 0       ; 0         ; 0    ; 0            ; |dac|lpm_divider:dividerOnes|lpm_divide:LPM_DIVIDE_component|lpm_divide_1ms:auto_generated|sign_div_unsign_ekh:divider                         ; sign_div_unsign_ekh ; work         ;
;                |alt_u_div_g4f:divider|    ; 41 (41)             ; 0 (0)                     ; 0           ; 0            ; 0       ; 0         ; 0    ; 0            ; |dac|lpm_divider:dividerOnes|lpm_divide:LPM_DIVIDE_component|lpm_divide_1ms:auto_generated|sign_div_unsign_ekh:divider|alt_u_div_g4f:divider   ; alt_u_div_g4f       ; work         ;
;    |lpm_divider:dividerTenths|            ; 32 (0)              ; 0 (0)                     ; 0           ; 0            ; 0       ; 0         ; 0    ; 0            ; |dac|lpm_divider:dividerTenths                                                                                                                 ; lpm_divider         ; work         ;
;       |lpm_divide:LPM_DIVIDE_component|   ; 32 (0)              ; 0 (0)                     ; 0           ; 0            ; 0       ; 0         ; 0    ; 0            ; |dac|lpm_divider:dividerTenths|lpm_divide:LPM_DIVIDE_component                                                                                 ; lpm_divide          ; work         ;
;          |lpm_divide_1ms:auto_generated|  ; 32 (0)              ; 0 (0)                     ; 0           ; 0            ; 0       ; 0         ; 0    ; 0            ; |dac|lpm_divider:dividerTenths|lpm_divide:LPM_DIVIDE_component|lpm_divide_1ms:auto_generated                                                   ; lpm_divide_1ms      ; work         ;
;             |sign_div_unsign_ekh:divider| ; 32 (0)              ; 0 (0)                     ; 0           ; 0            ; 0       ; 0         ; 0    ; 0            ; |dac|lpm_divider:dividerTenths|lpm_divide:LPM_DIVIDE_component|lpm_divide_1ms:auto_generated|sign_div_unsign_ekh:divider                       ; sign_div_unsign_ekh ; work         ;
;                |alt_u_div_g4f:divider|    ; 32 (32)             ; 0 (0)                     ; 0           ; 0            ; 0       ; 0         ; 0    ; 0            ; |dac|lpm_divider:dividerTenths|lpm_divide:LPM_DIVIDE_component|lpm_divide_1ms:auto_generated|sign_div_unsign_ekh:divider|alt_u_div_g4f:divider ; alt_u_div_g4f       ; work         ;
+-------------------------------------------+---------------------+---------------------------+-------------+--------------+---------+-----------+------+--------------+------------------------------------------------------------------------------------------------------------------------------------------------+---------------------+--------------+
Note: For table entries with two numbers listed, the numbers in parentheses indicate the number of resources of the given type used by the specific entity alone. The numbers listed outside of parentheses indicate the total resources of the given type used by the specific entity and all of its sub-entities in the hierarchy.


+------------------------------------------------------------------------------------------------------------------+
; Analysis & Synthesis IP Cores Summary                                                                            ;
+--------+--------------+---------+--------------+--------------+--------------------------------+-----------------+
; Vendor ; IP Core Name ; Version ; Release Date ; License Type ; Entity Instance                ; IP Include File ;
+--------+--------------+---------+--------------+--------------+--------------------------------+-----------------+
; Altera ; LPM_DIVIDE   ; 17.0    ; N/A          ; N/A          ; |dac|lpm_divider:dividerOnes   ; lpm_divider.v   ;
; Altera ; LPM_DIVIDE   ; 17.0    ; N/A          ; N/A          ; |dac|lpm_divider:dividerTenths ; lpm_divider.v   ;
+--------+--------------+---------+--------------+--------------+--------------------------------+-----------------+


+------------------------------------------------------+
; General Register Statistics                          ;
+----------------------------------------------+-------+
; Statistic                                    ; Value ;
+----------------------------------------------+-------+
; Total registers                              ; 0     ;
; Number of registers using Synchronous Clear  ; 0     ;
; Number of registers using Synchronous Load   ; 0     ;
; Number of registers using Asynchronous Clear ; 0     ;
; Number of registers using Asynchronous Load  ; 0     ;
; Number of registers using Clock Enable       ; 0     ;
; Number of registers using Preset             ; 0     ;
+----------------------------------------------+-------+


+------------------------------------------------------------------------------------------------------+
; Parameter Settings for User Entity Instance: lpm_divider:dividerOnes|lpm_divide:LPM_DIVIDE_component ;
+------------------------+----------------+------------------------------------------------------------+
; Parameter Name         ; Value          ; Type                                                       ;
+------------------------+----------------+------------------------------------------------------------+
; LPM_WIDTHN             ; 8              ; Signed Integer                                             ;
; LPM_WIDTHD             ; 7              ; Signed Integer                                             ;
; LPM_NREPRESENTATION    ; UNSIGNED       ; Untyped                                                    ;
; LPM_DREPRESENTATION    ; UNSIGNED       ; Untyped                                                    ;
; LPM_PIPELINE           ; 0              ; Untyped                                                    ;
; LPM_REMAINDERPOSITIVE  ; TRUE           ; Untyped                                                    ;
; MAXIMIZE_SPEED         ; 5              ; Untyped                                                    ;
; CBXI_PARAMETER         ; lpm_divide_1ms ; Untyped                                                    ;
; CARRY_CHAIN            ; MANUAL         ; Untyped                                                    ;
; OPTIMIZE_FOR_SPEED     ; 5              ; Untyped                                                    ;
; AUTO_CARRY_CHAINS      ; ON             ; AUTO_CARRY                                                 ;
; IGNORE_CARRY_BUFFERS   ; OFF            ; IGNORE_CARRY                                               ;
; AUTO_CASCADE_CHAINS    ; ON             ; AUTO_CASCADE                                               ;
; IGNORE_CASCADE_BUFFERS ; OFF            ; IGNORE_CASCADE                                             ;
+------------------------+----------------+------------------------------------------------------------+
Note: In order to hide this table in the UI and the text report file, please set the "Show Parameter Settings in Synthesis Report" option in "Analysis and Synthesis Settings -> More Settings" to "Off".


+--------------------------------------------------------------------------------------------------------+
; Parameter Settings for User Entity Instance: lpm_divider:dividerTenths|lpm_divide:LPM_DIVIDE_component ;
+------------------------+----------------+--------------------------------------------------------------+
; Parameter Name         ; Value          ; Type                                                         ;
+------------------------+----------------+--------------------------------------------------------------+
; LPM_WIDTHN             ; 8              ; Signed Integer                                               ;
; LPM_WIDTHD             ; 7              ; Signed Integer                                               ;
; LPM_NREPRESENTATION    ; UNSIGNED       ; Untyped                                                      ;
; LPM_DREPRESENTATION    ; UNSIGNED       ; Untyped                                                      ;
; LPM_PIPELINE           ; 0              ; Untyped                                                      ;
; LPM_REMAINDERPOSITIVE  ; TRUE           ; Untyped                                                      ;
; MAXIMIZE_SPEED         ; 5              ; Untyped                                                      ;
; CBXI_PARAMETER         ; lpm_divide_1ms ; Untyped                                                      ;
; CARRY_CHAIN            ; MANUAL         ; Untyped                                                      ;
; OPTIMIZE_FOR_SPEED     ; 5              ; Untyped                                                      ;
; AUTO_CARRY_CHAINS      ; ON             ; AUTO_CARRY                                                   ;
; IGNORE_CARRY_BUFFERS   ; OFF            ; IGNORE_CARRY                                                 ;
; AUTO_CASCADE_CHAINS    ; ON             ; AUTO_CASCADE                                                 ;
; IGNORE_CASCADE_BUFFERS ; OFF            ; IGNORE_CASCADE                                               ;
+------------------------+----------------+--------------------------------------------------------------+
Note: In order to hide this table in the UI and the text report file, please set the "Show Parameter Settings in Synthesis Report" option in "Analysis and Synthesis Settings -> More Settings" to "Off".


+--------------------------------------------------------------------------------------------------------------------------------------------+
; Port Connectivity Checks: "lpm_divider:dividerTenths"                                                                                      ;
+-------------+--------+----------+----------------------------------------------------------------------------------------------------------+
; Port        ; Type   ; Severity ; Details                                                                                                  ;
+-------------+--------+----------+----------------------------------------------------------------------------------------------------------+
; denom[5..4] ; Input  ; Info     ; Stuck at VCC                                                                                             ;
; denom[1..0] ; Input  ; Info     ; Stuck at VCC                                                                                             ;
; denom[3..2] ; Input  ; Info     ; Stuck at GND                                                                                             ;
; denom[6]    ; Input  ; Info     ; Stuck at GND                                                                                             ;
; numer[0]    ; Input  ; Info     ; Stuck at GND                                                                                             ;
; remain      ; Output ; Warning  ; Declared by entity but not connected by instance. Logic that only feeds a dangling port will be removed. ;
+-------------+--------+----------+----------------------------------------------------------------------------------------------------------+


+---------------------------------------------------------------------------------------------------------------------------------------------------------------------------------------------------------+
; Port Connectivity Checks: "lpm_divider:dividerOnes"                                                                                                                                                     ;
+-------------+--------+----------+-----------------------------------------------------------------------------------------------------------------------------------------------------------------------+
; Port        ; Type   ; Severity ; Details                                                                                                                                                               ;
+-------------+--------+----------+-----------------------------------------------------------------------------------------------------------------------------------------------------------------------+
; denom[5..4] ; Input  ; Info     ; Stuck at VCC                                                                                                                                                          ;
; denom[1..0] ; Input  ; Info     ; Stuck at VCC                                                                                                                                                          ;
; denom[3..2] ; Input  ; Info     ; Stuck at GND                                                                                                                                                          ;
; denom[6]    ; Input  ; Info     ; Stuck at GND                                                                                                                                                          ;
; remain      ; Output ; Warning  ; Output or bidir port (7 bits) is smaller than the port expression (8 bits) it drives.  The 1 most-significant bit(s) in the port expression will be connected to GND. ;
+-------------+--------+----------+-----------------------------------------------------------------------------------------------------------------------------------------------------------------------+


+-----------------------------------------------------+
; Post-Synthesis Netlist Statistics for Top Partition ;
+-----------------------+-----------------------------+
; Type                  ; Count                       ;
+-----------------------+-----------------------------+
; boundary_port         ; 24                          ;
; cycloneiii_lcell_comb ; 85                          ;
;     arith             ; 39                          ;
;         2 data inputs ; 30                          ;
;         3 data inputs ; 9                           ;
;     normal            ; 46                          ;
;         0 data inputs ; 7                           ;
;         1 data inputs ; 6                           ;
;         2 data inputs ; 5                           ;
;         3 data inputs ; 25                          ;
;         4 data inputs ; 3                           ;
;                       ;                             ;
; Max LUT depth         ; 16.50                       ;
; Average LUT depth     ; 15.76                       ;
+-----------------------+-----------------------------+


+-------------------------------+
; Elapsed Time Per Partition    ;
+----------------+--------------+
; Partition Name ; Elapsed Time ;
+----------------+--------------+
; Top            ; 00:00:00     ;
+----------------+--------------+


+-------------------------------+
; Analysis & Synthesis Messages ;
+-------------------------------+
Info: *******************************************************************
Info: Running Quartus Prime Analysis & Synthesis
    Info: Version 17.0.2 Build 602 07/19/2017 SJ Lite Edition
    Info: Processing started: Tue Oct 17 18:04:43 2017
Info: Command: quartus_map --read_settings_files=on --write_settings_files=off prelab5 -c dac
Info (20032): Parallel compilation is enabled and will use up to 4 processors
Info (12021): Found 1 design units, including 1 entities, in source file dac.v
    Info (12023): Found entity 1: dac File: C:/Users/Vishnu/Documents/ECE350/lab5/prelab/dac.v Line: 1
Info (12021): Found 1 design units, including 1 entities, in source file lpm_divider.v
    Info (12023): Found entity 1: lpm_divider File: C:/Users/Vishnu/Documents/ECE350/lab5/prelab/lpm_divider.v Line: 40
Info (12127): Elaborating entity "dac" for the top level hierarchy
Info (12128): Elaborating entity "lpm_divider" for hierarchy "lpm_divider:dividerOnes" File: C:/Users/Vishnu/Documents/ECE350/lab5/prelab/dac.v Line: 9
Info (12128): Elaborating entity "lpm_divide" for hierarchy "lpm_divider:dividerOnes|lpm_divide:LPM_DIVIDE_component" File: C:/Users/Vishnu/Documents/ECE350/lab5/prelab/lpm_divider.v Line: 63
Info (12130): Elaborated megafunction instantiation "lpm_divider:dividerOnes|lpm_divide:LPM_DIVIDE_component" File: C:/Users/Vishnu/Documents/ECE350/lab5/prelab/lpm_divider.v Line: 63
Info (12133): Instantiated megafunction "lpm_divider:dividerOnes|lpm_divide:LPM_DIVIDE_component" with the following parameter: File: C:/Users/Vishnu/Documents/ECE350/lab5/prelab/lpm_divider.v Line: 63
    Info (12134): Parameter "lpm_drepresentation" = "UNSIGNED"
    Info (12134): Parameter "lpm_hint" = "LPM_REMAINDERPOSITIVE=TRUE"
    Info (12134): Parameter "lpm_nrepresentation" = "UNSIGNED"
    Info (12134): Parameter "lpm_type" = "LPM_DIVIDE"
    Info (12134): Parameter "lpm_widthd" = "7"
    Info (12134): Parameter "lpm_widthn" = "8"
Info (12021): Found 1 design units, including 1 entities, in source file db/lpm_divide_1ms.tdf
    Info (12023): Found entity 1: lpm_divide_1ms File: C:/Users/Vishnu/Documents/ECE350/lab5/prelab/db/lpm_divide_1ms.tdf Line: 25
Info (12128): Elaborating entity "lpm_divide_1ms" for hierarchy "lpm_divider:dividerOnes|lpm_divide:LPM_DIVIDE_component|lpm_divide_1ms:auto_generated" File: c:/intelfpga_lite/17.0/quartus/libraries/megafunctions/lpm_divide.tdf Line: 148
Info (12021): Found 1 design units, including 1 entities, in source file db/sign_div_unsign_ekh.tdf
    Info (12023): Found entity 1: sign_div_unsign_ekh File: C:/Users/Vishnu/Documents/ECE350/lab5/prelab/db/sign_div_unsign_ekh.tdf Line: 25
Info (12128): Elaborating entity "sign_div_unsign_ekh" for hierarchy "lpm_divider:dividerOnes|lpm_divide:LPM_DIVIDE_component|lpm_divide_1ms:auto_generated|sign_div_unsign_ekh:divider" File: C:/Users/Vishnu/Documents/ECE350/lab5/prelab/db/lpm_divide_1ms.tdf Line: 36
Info (12021): Found 1 design units, including 1 entities, in source file db/alt_u_div_g4f.tdf
    Info (12023): Found entity 1: alt_u_div_g4f File: C:/Users/Vishnu/Documents/ECE350/lab5/prelab/db/alt_u_div_g4f.tdf Line: 27
Info (12128): Elaborating entity "alt_u_div_g4f" for hierarchy "lpm_divider:dividerOnes|lpm_divide:LPM_DIVIDE_component|lpm_divide_1ms:auto_generated|sign_div_unsign_ekh:divider|alt_u_div_g4f:divider" File: C:/Users/Vishnu/Documents/ECE350/lab5/prelab/db/sign_div_unsign_ekh.tdf Line: 33
Info (12021): Found 1 design units, including 1 entities, in source file db/add_sub_7pc.tdf
    Info (12023): Found entity 1: add_sub_7pc File: C:/Users/Vishnu/Documents/ECE350/lab5/prelab/db/add_sub_7pc.tdf Line: 23
Info (12128): Elaborating entity "add_sub_7pc" for hierarchy "lpm_divider:dividerOnes|lpm_divide:LPM_DIVIDE_component|lpm_divide_1ms:auto_generated|sign_div_unsign_ekh:divider|alt_u_div_g4f:divider|add_sub_7pc:add_sub_0" File: C:/Users/Vishnu/Documents/ECE350/lab5/prelab/db/alt_u_div_g4f.tdf Line: 35
Info (12021): Found 1 design units, including 1 entities, in source file db/add_sub_8pc.tdf
    Info (12023): Found entity 1: add_sub_8pc File: C:/Users/Vishnu/Documents/ECE350/lab5/prelab/db/add_sub_8pc.tdf Line: 23
Info (12128): Elaborating entity "add_sub_8pc" for hierarchy "lpm_divider:dividerOnes|lpm_divide:LPM_DIVIDE_component|lpm_divide_1ms:auto_generated|sign_div_unsign_ekh:divider|alt_u_div_g4f:divider|add_sub_8pc:add_sub_1" File: C:/Users/Vishnu/Documents/ECE350/lab5/prelab/db/alt_u_div_g4f.tdf Line: 36
Warning (12241): 2 hierarchies have connectivity warnings - see the Connectivity Checks report folder
Warning (13024): Output pins are stuck at VCC or GND
    Warning (13410): Pin "ones_digit[3]" is stuck at GND File: C:/Users/Vishnu/Documents/ECE350/lab5/prelab/dac.v Line: 4
    Warning (13410): Pin "ones_digit[4]" is stuck at GND File: C:/Users/Vishnu/Documents/ECE350/lab5/prelab/dac.v Line: 4
    Warning (13410): Pin "ones_digit[5]" is stuck at GND File: C:/Users/Vishnu/Documents/ECE350/lab5/prelab/dac.v Line: 4
    Warning (13410): Pin "ones_digit[6]" is stuck at GND File: C:/Users/Vishnu/Documents/ECE350/lab5/prelab/dac.v Line: 4
    Warning (13410): Pin "ones_digit[7]" is stuck at GND File: C:/Users/Vishnu/Documents/ECE350/lab5/prelab/dac.v Line: 4
    Warning (13410): Pin "tenths_digit[3]" is stuck at GND File: C:/Users/Vishnu/Documents/ECE350/lab5/prelab/dac.v Line: 4
    Warning (13410): Pin "tenths_digit[4]" is stuck at GND File: C:/Users/Vishnu/Documents/ECE350/lab5/prelab/dac.v Line: 4
    Warning (13410): Pin "tenths_digit[5]" is stuck at GND File: C:/Users/Vishnu/Documents/ECE350/lab5/prelab/dac.v Line: 4
    Warning (13410): Pin "tenths_digit[6]" is stuck at GND File: C:/Users/Vishnu/Documents/ECE350/lab5/prelab/dac.v Line: 4
    Warning (13410): Pin "tenths_digit[7]" is stuck at GND File: C:/Users/Vishnu/Documents/ECE350/lab5/prelab/dac.v Line: 4
Info (286030): Timing-Driven Synthesis is running
Info (16010): Generating hard_block partition "hard_block:auto_generated_inst"
    Info (16011): Adding 0 node(s), including 0 DDIO, 0 PLL, 0 transceiver and 0 LCELL
Info (21057): Implemented 102 device resources after synthesis - the final resource count might be different
    Info (21058): Implemented 8 input pins
    Info (21059): Implemented 16 output pins
    Info (21061): Implemented 78 logic cells
Info: Quartus Prime Analysis & Synthesis was successful. 0 errors, 12 warnings
    Info: Peak virtual memory: 633 megabytes
    Info: Processing ended: Tue Oct 17 18:04:52 2017
    Info: Elapsed time: 00:00:09
    Info: Total CPU time (on all processors): 00:00:21


